Unity Editor version:    2022.3.12f1 (4fe6e059c7ef)
Branch:                  2022.3/release
Build type:              Release
Batch mode:              YES
macOS version:           Version 14.4.1 (Build 23E224)
Darwin version:          23.4.0
Architecture:            arm64
Running under Rosetta:   NO
Available memory:        32768 MB
Using pre-set license
Pro License: YES

COMMAND LINE ARGUMENTS:
/Applications/Unity/Hub/Editor/2022.3.12f1/Unity.app/Contents/MacOS/Unity
-adb2
-batchMode
-noUpm
-name
AssetImportWorker4
-projectPath
/Users/jonathonacosta591/Documents/GitHub/Semester-FInal/Semester Final
-logFile
Logs/AssetImportWorker4.log
-srvPort
61731
Successfully changed project path to: /Users/jonathonacosta591/Documents/GitHub/Semester-FInal/Semester Final
Could not lock editor preferences. Preferences updates for this instance of Unity will not be saved./Users/jonathonacosta591/Documents/GitHub/Semester-FInal/Semester Final
[UnityMemory] Configuration Parameters - Can be set up in boot.config
    "memorysetup-bucket-allocator-granularity=16"
    "memorysetup-bucket-allocator-bucket-count=8"
    "memorysetup-bucket-allocator-block-size=33554432"
    "memorysetup-bucket-allocator-block-count=8"
    "memorysetup-main-allocator-block-size=16777216"
    "memorysetup-thread-allocator-block-size=16777216"
    "memorysetup-gfx-main-allocator-block-size=16777216"
    "memorysetup-gfx-thread-allocator-block-size=16777216"
    "memorysetup-cache-allocator-block-size=4194304"
    "memorysetup-typetree-allocator-block-size=2097152"
    "memorysetup-profiler-bucket-allocator-granularity=16"
    "memorysetup-profiler-bucket-allocator-bucket-count=8"
    "memorysetup-profiler-bucket-allocator-block-size=33554432"
    "memorysetup-profiler-bucket-allocator-block-count=8"
    "memorysetup-profiler-allocator-block-size=16777216"
    "memorysetup-profiler-editor-allocator-block-size=1048576"
    "memorysetup-temp-allocator-size-main=16777216"
    "memorysetup-job-temp-allocator-block-size=2097152"
    "memorysetup-job-temp-allocator-block-size-background=1048576"
    "memorysetup-job-temp-allocator-reduction-small-platforms=262144"
    "memorysetup-allocator-temp-initial-block-size-main=262144"
    "memorysetup-allocator-temp-initial-block-size-worker=262144"
    "memorysetup-temp-allocator-size-background-worker=32768"
    "memorysetup-temp-allocator-size-job-worker=262144"
    "memorysetup-temp-allocator-size-preload-manager=33554432"
    "memorysetup-temp-allocator-size-nav-mesh-worker=65536"
    "memorysetup-temp-allocator-size-audio-worker=65536"
    "memorysetup-temp-allocator-size-cloud-worker=32768"
    "memorysetup-temp-allocator-size-gi-baking-worker=262144"
    "memorysetup-temp-allocator-size-gfx=262144"
Player connection [8695298752] Host "[IP] 10.194.22.162 [Port] 0 [Flags] 2 [Guid] 3992616634 [EditorId] 3992616634 [Version] 1048832 [Id] OSXEditor(0,mac-studio.rusd.edu) [Debug] 1 [PackageName] OSXEditor [ProjectName] Editor" joined multi-casting on [225.0.0.222:54997]...

Player connection [8695298752] Host "[IP] 10.194.22.162 [Port] 0 [Flags] 2 [Guid] 3992616634 [EditorId] 3992616634 [Version] 1048832 [Id] OSXEditor(0,mac-studio.rusd.edu) [Debug] 1 [PackageName] OSXEditor [ProjectName] Editor" joined alternative multi-casting on [225.0.0.222:34997]...

[Physics::Module] Initialized MultithreadedJobDispatcher with 11 workers.
Refreshing native plugins compatible for Editor in 2.22 ms, found 2 plugins.
Preloading 0 native plugins for Editor in 0.00 ms.
Initialize engine version: 2022.3.12f1 (4fe6e059c7ef)
[Subsystems] Discovering subsystems at path /Applications/Unity/Hub/Editor/2022.3.12f1/Unity.app/Contents/Resources/UnitySubsystems
[Subsystems] Discovering subsystems at path /Users/jonathonacosta591/Documents/GitHub/Semester-FInal/Semester Final/Assets
GfxDevice: creating device client; threaded=0; jobified=0
 preferred device: Apple M2 Max (high power)
Metal devices available: 1
0: Apple M2 Max (high power)
Using device Apple M2 Max (high power)
Initializing Metal device caps: Apple M2 Max
Initialize mono
Mono path[0] = '/Applications/Unity/Hub/Editor/2022.3.12f1/Unity.app/Contents/Managed'
Mono path[1] = '/Applications/Unity/Hub/Editor/2022.3.12f1/Unity.app/Contents/MonoBleedingEdge/lib/mono/unityjit-macos'
Mono config path = '/Applications/Unity/Hub/Editor/2022.3.12f1/Unity.app/Contents/MonoBleedingEdge/etc'
Using monoOptions --debugger-agent=transport=dt_socket,embedding=1,server=y,suspend=n,address=127.0.0.1:56522
Begin MonoManager ReloadAssembly
Registering precompiled unity dll's ...
Register platform support module: /Applications/Unity/Hub/Editor/2022.3.12f1/PlaybackEngines/WebGLSupport/UnityEditor.WebGL.Extensions.dll
Register platform support module: /Applications/Unity/Hub/Editor/2022.3.12f1/Unity.app/Contents/PlaybackEngines/MacStandaloneSupport/UnityEditor.OSXStandalone.Extensions.dll
Registered in 0.000940 seconds.
- Loaded All Assemblies, in  0.169 seconds
Native extension for OSXStandalone target not found
Native extension for WebGL target not found
Mono: successfully reloaded assembly
- Finished resetting the current domain, in  0.128 seconds
Domain Reload Profiling: 297ms
	BeginReloadAssembly (38ms)
		ExecutionOrderSort (0ms)
		DisableScriptedObjects (0ms)
		BackupInstance (0ms)
		ReleaseScriptingObjects (0ms)
		CreateAndSetChildDomain (0ms)
	RebuildCommonClasses (20ms)
	RebuildNativeTypeToScriptingClass (7ms)
	initialDomainReloadingComplete (25ms)
	LoadAllAssembliesAndSetupDomain (79ms)
		LoadAssemblies (38ms)
		RebuildTransferFunctionScriptingTraits (0ms)
		AnalyzeDomain (78ms)
			TypeCache.Refresh (77ms)
				TypeCache.ScanAssembly (70ms)
			ScanForSourceGeneratedMonoScriptInfo (0ms)
			ResolveRequiredComponents (0ms)
	FinalizeReload (128ms)
		ReleaseScriptCaches (0ms)
		RebuildScriptCaches (0ms)
		SetupLoadedEditorAssemblies (95ms)
			LogAssemblyErrors (0ms)
			InitializePlatformSupportModulesInManaged (4ms)
			SetLoadedEditorAssemblies (3ms)
			RefreshPlugins (0ms)
			BeforeProcessingInitializeOnLoad (1ms)
			ProcessInitializeOnLoadAttributes (64ms)
			ProcessInitializeOnLoadMethodAttributes (23ms)
			AfterProcessingInitializeOnLoad (0ms)
			EditorAssembliesLoaded (0ms)
		ExecutionOrderSort2 (0ms)
		AwakeInstancesAfterBackupRestoration (0ms)
========================================================================
Worker process is ready to serve import requests
Begin MonoManager ReloadAssembly
- Loaded All Assemblies, in  0.287 seconds
Refreshing native plugins compatible for Editor in 0.83 ms, found 2 plugins.
Native extension for OSXStandalone target not found
Native extension for WebGL target not found
Package Manager log level set to [2]
[Package Manager] Server::EnsureServerProcessIsRunning -- launch failed, reason: Unity was launched with the -noUpm command-line argument
[Package Manager] UpmClient::Send -- Unable to send message (not connected to UPM process).
[Package Manager] Cannot connect to Unity Package Manager local server
Mono: successfully reloaded assembly
- Finished resetting the current domain, in  0.282 seconds
Domain Reload Profiling: 570ms
	BeginReloadAssembly (63ms)
		ExecutionOrderSort (0ms)
		DisableScriptedObjects (3ms)
		BackupInstance (0ms)
		ReleaseScriptingObjects (0ms)
		CreateAndSetChildDomain (14ms)
	RebuildCommonClasses (20ms)
	RebuildNativeTypeToScriptingClass (7ms)
	initialDomainReloadingComplete (19ms)
	LoadAllAssembliesAndSetupDomain (178ms)
		LoadAssemblies (106ms)
		RebuildTransferFunctionScriptingTraits (0ms)
		AnalyzeDomain (99ms)
			TypeCache.Refresh (90ms)
				TypeCache.ScanAssembly (82ms)
			ScanForSourceGeneratedMonoScriptInfo (6ms)
			ResolveRequiredComponents (2ms)
	FinalizeReload (283ms)
		ReleaseScriptCaches (0ms)
		RebuildScriptCaches (0ms)
		SetupLoadedEditorAssemblies (200ms)
			LogAssemblyErrors (0ms)
			InitializePlatformSupportModulesInManaged (3ms)
			SetLoadedEditorAssemblies (2ms)
			RefreshPlugins (0ms)
			BeforeProcessingInitializeOnLoad (28ms)
			ProcessInitializeOnLoadAttributes (158ms)
			ProcessInitializeOnLoadMethodAttributes (8ms)
			AfterProcessingInitializeOnLoad (0ms)
			EditorAssembliesLoaded (0ms)
		ExecutionOrderSort2 (0ms)
		AwakeInstancesAfterBackupRestoration (2ms)
Launching external process: /Applications/Unity/Hub/Editor/2022.3.12f1/Unity.app/Contents/Tools/UnityShaderCompiler
Launched and connected shader compiler UnityShaderCompiler after 0.03 seconds
Refreshing native plugins compatible for Editor in 0.67 ms, found 2 plugins.
Preloading 0 native plugins for Editor in 0.00 ms.
Unloading 3091 Unused Serialized files (Serialized files now loaded: 0)
Unloading 32 unused Assets / (51.1 KB). Loaded Objects now: 3552.
Memory consumption went from 128.7 MB to 128.6 MB.
Total: 2.112417 ms (FindLiveObjects: 0.087375 ms CreateObjectMapping: 0.036834 ms MarkObjects: 1.934333 ms  DeleteObjects: 0.053583 ms)

AssetImportParameters requested are different than current active one (requested -> active):
  custom:container-demuxer-ogg: 62fdf1f143b41e24485cea50d1cbac27 -> 
  custom:video-decoder-ogg-theora: a1e56fd34408186e4bbccfd4996cb3dc -> 
  custom:CustomObjectIndexerAttribute: 756ad292c208cfabdd7b50bc23989ffe -> 
  custom:container-demuxer-webm: 4f35f7cbe854078d1ac9338744f61a02 -> 
  custom:container-muxer-webm: aa71ff27fc2769a1b78a27578f13a17b -> 
  custom:video-decoder-webm-vp8: 9c59270c3fd7afecdb556c50c9e8de78 -> 
  custom:SearchIndexIgnoredProperties: e643bd26f0fe6173181afceb89e7c659 -> 
  custom:AudioImporter_EditorPlatform: 3918e3fc78b5a79bad01e8451be0beb8 -> 
  custom:framework-osx-AVFoundation: e770b220cccbd017edd2c1fefb359320 -> 
  custom:video-encoder-webm-vp8: eb34c28f22e8b96e1ab97ce403110664 -> 
  custom:audio-decoder-ogg-vorbis: bf7c407c2cedff20999df2af8eb42d56 -> 
  custom:audio-encoder-webm-vorbis: bf7c407c2cedff20999df2af8eb42d56 -> 
========================================================================
Received Import Request.
  Time since last request: 700301.654419 seconds.
  path: Assets/Werewolf
  artifactKey: Guid(9f239ccb2142740368065116b531876f) Importer(815301076,1909f56bfc062723c751e8b465ee728b)
Start importing Assets/Werewolf using Guid(9f239ccb2142740368065116b531876f) Importer(815301076,1909f56bfc062723c751e8b465ee728b)  -> (artifact id: '0ab78a445e086622efed5e91e17a3885') in 0.002048 seconds
Number of updated asset objects reloaded before import = 0
Number of asset objects unloaded after import = 0
========================================================================
Received Import Request.
  Time since last request: 0.040302 seconds.
  path: Assets/Werewolf/artwork.png
  artifactKey: Guid(bdfd369cbc18146a69d4d24e4abf6c75) Importer(815301076,1909f56bfc062723c751e8b465ee728b)
Start importing Assets/Werewolf/artwork.png using Guid(bdfd369cbc18146a69d4d24e4abf6c75) Importer(815301076,1909f56bfc062723c751e8b465ee728b)  -> (artifact id: 'f199be72105cd9a1db8be5f6a18876f3') in 0.036679 seconds
Number of updated asset objects reloaded before import = 0
Number of asset objects unloaded after import = 2
========================================================================
Received Import Request.
  Time since last request: 1.943901 seconds.
  path: Assets/Werewolf/assets
  artifactKey: Guid(890ab9228c45b42369766ced75692f23) Importer(815301076,1909f56bfc062723c751e8b465ee728b)
Start importing Assets/Werewolf/assets using Guid(890ab9228c45b42369766ced75692f23) Importer(815301076,1909f56bfc062723c751e8b465ee728b)  -> (artifact id: 'fc7a4304bfc51fe00140c385cf6d1e18') in 0.000547 seconds
Number of updated asset objects reloaded before import = 0
Number of asset objects unloaded after import = 0
========================================================================
Received Import Request.
  Time since last request: 1.099799 seconds.
  path: Assets/Werewolf/assets/fbx(unity)
  artifactKey: Guid(2a3eb14f164054b498b83672e2940927) Importer(815301076,1909f56bfc062723c751e8b465ee728b)
Start importing Assets/Werewolf/assets/fbx(unity) using Guid(2a3eb14f164054b498b83672e2940927) Importer(815301076,1909f56bfc062723c751e8b465ee728b)  -> (artifact id: 'e1e9ea55c760c447ce25d684a7119e4e') in 0.000464 seconds
Number of updated asset objects reloaded before import = 0
Number of asset objects unloaded after import = 0
========================================================================
Received Import Request.
  Time since last request: 0.996036 seconds.
  path: Assets/Werewolf/assets/fbx(unity)/axe.fbx
  artifactKey: Guid(25a25b6c0af854f4f91b5a14a965ac81) Importer(815301076,1909f56bfc062723c751e8b465ee728b)
Start importing Assets/Werewolf/assets/fbx(unity)/axe.fbx using Guid(25a25b6c0af854f4f91b5a14a965ac81) Importer(815301076,1909f56bfc062723c751e8b465ee728b)  -> (artifact id: 'd1a28c91649cdc90cbb3c2eedaa8cd9b') in 0.064262 seconds
Number of updated asset objects reloaded before import = 0
Number of asset objects unloaded after import = 9
========================================================================
Received Import Request.
  Time since last request: 2.828258 seconds.
  path: Assets/Werewolf/assets/fbx/axe.fbx
  artifactKey: Guid(30471622a6f6145098abeea7f633a8c9) Importer(815301076,1909f56bfc062723c751e8b465ee728b)
Start importing Assets/Werewolf/assets/fbx/axe.fbx using Guid(30471622a6f6145098abeea7f633a8c9) Importer(815301076,1909f56bfc062723c751e8b465ee728b)  -> (artifact id: '56fd3bf702cd852160666818b9903a86') in 0.015048 seconds
Number of updated asset objects reloaded before import = 0
Number of asset objects unloaded after import = 9
========================================================================
Received Import Request.
  Time since last request: 0.000047 seconds.
  path: Assets/Werewolf/assets/fbx/log_stacks.fbx
  artifactKey: Guid(77d722b2dd5214e8c932911194123598) Importer(815301076,1909f56bfc062723c751e8b465ee728b)
Start importing Assets/Werewolf/assets/fbx/log_stacks.fbx using Guid(77d722b2dd5214e8c932911194123598) Importer(815301076,1909f56bfc062723c751e8b465ee728b)  -> (artifact id: '18b43455f12c1e3507882921ea7abd4a') in 0.009355 seconds
Number of updated asset objects reloaded before import = 0
Number of asset objects unloaded after import = 9
========================================================================
Received Import Request.
  Time since last request: 0.982536 seconds.
  path: Assets/Werewolf/assets/gltf/werewolf_A.png
  artifactKey: Guid(8ed128dd397294c1ea265bf3c8653f34) Importer(815301076,1909f56bfc062723c751e8b465ee728b)
Start importing Assets/Werewolf/assets/gltf/werewolf_A.png using Guid(8ed128dd397294c1ea265bf3c8653f34) Importer(815301076,1909f56bfc062723c751e8b465ee728b)  -> (artifact id: 'e67fdf71caadce3908a6859a7ed6aef6') in 0.006765 seconds
Number of updated asset objects reloaded before import = 0
Number of asset objects unloaded after import = 2
========================================================================
Received Import Request.
  Time since last request: 0.639244 seconds.
  path: Assets/Werewolf/assets/obj/axe.obj
  artifactKey: Guid(ddeb66dac1cfc484289620e8b5eb6aac) Importer(815301076,1909f56bfc062723c751e8b465ee728b)
Start importing Assets/Werewolf/assets/obj/axe.obj using Guid(ddeb66dac1cfc484289620e8b5eb6aac) Importer(815301076,1909f56bfc062723c751e8b465ee728b)  -> (artifact id: 'ff89e3f1aef4a6b2c0d61dd30e2f3701') in 0.014690 seconds
Number of updated asset objects reloaded before import = 0
Number of asset objects unloaded after import = 11
========================================================================
Received Import Request.
  Time since last request: 0.000058 seconds.
  path: Assets/Werewolf/assets/obj/log_stacks.obj
  artifactKey: Guid(6657c523df2e74dce9057d05ec787e94) Importer(815301076,1909f56bfc062723c751e8b465ee728b)
Start importing Assets/Werewolf/assets/obj/log_stacks.obj using Guid(6657c523df2e74dce9057d05ec787e94) Importer(815301076,1909f56bfc062723c751e8b465ee728b)  -> (artifact id: '9b3c6ba000770ed0b60ee9b07d9ebe24') in 0.011847 seconds
Number of updated asset objects reloaded before import = 0
Number of asset objects unloaded after import = 11
========================================================================
Received Import Request.
  Time since last request: 11.638049 seconds.
  path: Assets/Werewolf/characters
  artifactKey: Guid(11d0e65c1f49242f6a47a0ea25be4384) Importer(815301076,1909f56bfc062723c751e8b465ee728b)
Start importing Assets/Werewolf/characters using Guid(11d0e65c1f49242f6a47a0ea25be4384) Importer(815301076,1909f56bfc062723c751e8b465ee728b)  -> (artifact id: '3ecf09142ba6506e6ac21ed110fb64b7') in 0.000556 seconds
Number of updated asset objects reloaded before import = 0
Number of asset objects unloaded after import = 0
========================================================================
Received Import Request.
  Time since last request: 0.790122 seconds.
  path: Assets/Werewolf/characters/fbx
  artifactKey: Guid(b540b4808333542c78067fad471640bf) Importer(815301076,1909f56bfc062723c751e8b465ee728b)
Start importing Assets/Werewolf/characters/fbx using Guid(b540b4808333542c78067fad471640bf) Importer(815301076,1909f56bfc062723c751e8b465ee728b)  -> (artifact id: '8413e6bd6cdf9351cf99b83f81baf927') in 0.000409 seconds
Number of updated asset objects reloaded before import = 0
Number of asset objects unloaded after import = 0
========================================================================
Received Import Request.
  Time since last request: 0.041005 seconds.
  path: Assets/Werewolf/characters/fbx/werewolf_A.png
  artifactKey: Guid(c7df980d558fc4416ad100d412134131) Importer(815301076,1909f56bfc062723c751e8b465ee728b)
Start importing Assets/Werewolf/characters/fbx/werewolf_A.png using Guid(c7df980d558fc4416ad100d412134131) Importer(815301076,1909f56bfc062723c751e8b465ee728b)  -> (artifact id: '05e64fd5446701265edbe078726ba4ab') in 0.005901 seconds
Number of updated asset objects reloaded before import = 0
Number of asset objects unloaded after import = 2
========================================================================
Received Import Request.
  Time since last request: 35.705708 seconds.
  path: Assets/Assets/obj/banner_blue.obj
  artifactKey: Guid(05a966d3f58d44af6b55998e6991163a) Importer(815301076,1909f56bfc062723c751e8b465ee728b)
Start importing Assets/Assets/obj/banner_blue.obj using Guid(05a966d3f58d44af6b55998e6991163a) Importer(815301076,1909f56bfc062723c751e8b465ee728b)  -> (artifact id: '3db60a2a0d6fc69c1044ef1beacd6098') in 0.013442 seconds
Number of updated asset objects reloaded before import = 0
Number of asset objects unloaded after import = 11
========================================================================
Received Import Request.
  Time since last request: 6.664140 seconds.
  path: Assets/Assets/fbx/scaffold_pillar_wall.fbx
  artifactKey: Guid(5cedafd2e9b3648429e6206befbef7b7) Importer(815301076,1909f56bfc062723c751e8b465ee728b)
Start importing Assets/Assets/fbx/scaffold_pillar_wall.fbx using Guid(5cedafd2e9b3648429e6206befbef7b7) Importer(815301076,1909f56bfc062723c751e8b465ee728b)  -> (artifact id: '1f66a78fdcc0abe09cca9161738ba844') in 0.014198 seconds
Number of updated asset objects reloaded before import = 0
Number of asset objects unloaded after import = 9
========================================================================
Received Import Request.
  Time since last request: 0.213342 seconds.
  path: Assets/Assets/fbx/scaffold_pillar_wall_cross_top.fbx
  artifactKey: Guid(ef899f1b1ae20471b82be0a482b37b34) Importer(815301076,1909f56bfc062723c751e8b465ee728b)
Start importing Assets/Assets/fbx/scaffold_pillar_wall_cross_top.fbx using Guid(ef899f1b1ae20471b82be0a482b37b34) Importer(815301076,1909f56bfc062723c751e8b465ee728b)  -> (artifact id: '9e0960ab6bce77c863d7b69461f320de') in 0.013897 seconds
Number of updated asset objects reloaded before import = 0
Number of asset objects unloaded after import = 9
========================================================================
Received Import Request.
  Time since last request: 0.119304 seconds.
  path: Assets/Assets/fbx/scaffold_pillars_connected.fbx
  artifactKey: Guid(4415cbf09a9674526aff167726f42fe6) Importer(815301076,1909f56bfc062723c751e8b465ee728b)
Start importing Assets/Assets/fbx/scaffold_pillars_connected.fbx using Guid(4415cbf09a9674526aff167726f42fe6) Importer(815301076,1909f56bfc062723c751e8b465ee728b)  -> (artifact id: '8dc783bfd63fa4aa0809455a3076d73c') in 0.013252 seconds
Number of updated asset objects reloaded before import = 0
Number of asset objects unloaded after import = 9
========================================================================
Received Import Request.
  Time since last request: 0.122005 seconds.
  path: Assets/Assets/fbx/shelf_large.fbx
  artifactKey: Guid(f620be2d19ad3422d935b3d81b5a1e1e) Importer(815301076,1909f56bfc062723c751e8b465ee728b)
Start importing Assets/Assets/fbx/shelf_large.fbx using Guid(f620be2d19ad3422d935b3d81b5a1e1e) Importer(815301076,1909f56bfc062723c751e8b465ee728b)  -> (artifact id: '3da7603c1210b23be3926b80cba77901') in 0.013371 seconds
Number of updated asset objects reloaded before import = 0
Number of asset objects unloaded after import = 9
========================================================================
Received Import Request.
  Time since last request: 0.097877 seconds.
  path: Assets/Assets/fbx/shelf_small_books.fbx
  artifactKey: Guid(81b8a1cfaea7b4d03963a1a539216ac8) Importer(815301076,1909f56bfc062723c751e8b465ee728b)
Start importing Assets/Assets/fbx/shelf_small_books.fbx using Guid(81b8a1cfaea7b4d03963a1a539216ac8) Importer(815301076,1909f56bfc062723c751e8b465ee728b)  -> (artifact id: '7bbc9cb37cf96d93aa7c567031c1532e') in 0.014222 seconds
Number of updated asset objects reloaded before import = 0
Number of asset objects unloaded after import = 9
========================================================================
Received Import Request.
  Time since last request: 0.129221 seconds.
  path: Assets/Assets/fbx/shelves.fbx
  artifactKey: Guid(488cdb883ad5b46ad8e52f721e9393dd) Importer(815301076,1909f56bfc062723c751e8b465ee728b)
Start importing Assets/Assets/fbx/shelves.fbx using Guid(488cdb883ad5b46ad8e52f721e9393dd) Importer(815301076,1909f56bfc062723c751e8b465ee728b)  -> (artifact id: '2b82af540768fa46324aac1939361b00') in 0.013813 seconds
Number of updated asset objects reloaded before import = 0
Number of asset objects unloaded after import = 9
========================================================================
Received Import Request.
  Time since last request: 0.105798 seconds.
  path: Assets/Assets/fbx/stairs.fbx
  artifactKey: Guid(9c9eeba4f9b494fdca01a6ddbad8a209) Importer(815301076,1909f56bfc062723c751e8b465ee728b)
Start importing Assets/Assets/fbx/stairs.fbx using Guid(9c9eeba4f9b494fdca01a6ddbad8a209) Importer(815301076,1909f56bfc062723c751e8b465ee728b)  -> (artifact id: 'c577569979b129d6510230691ea7fb50') in 0.013064 seconds
Number of updated asset objects reloaded before import = 0
Number of asset objects unloaded after import = 9
========================================================================
Received Import Request.
  Time since last request: 0.057490 seconds.
  path: Assets/Assets/fbx/stairs_wall_left.fbx
  artifactKey: Guid(7f994c2ded0444e09aadf384d4f98298) Importer(815301076,1909f56bfc062723c751e8b465ee728b)
Start importing Assets/Assets/fbx/stairs_wall_left.fbx using Guid(7f994c2ded0444e09aadf384d4f98298) Importer(815301076,1909f56bfc062723c751e8b465ee728b)  -> (artifact id: '8c364ca06d14e2e7a349f8e7f30a655d') in 0.011688 seconds
Number of updated asset objects reloaded before import = 0
Number of asset objects unloaded after import = 9
========================================================================
Received Import Request.
  Time since last request: 0.060369 seconds.
  path: Assets/Assets/fbx/stairs_walled.fbx
  artifactKey: Guid(6936aa8a2ed2d401989eee6051b08994) Importer(815301076,1909f56bfc062723c751e8b465ee728b)
Start importing Assets/Assets/fbx/stairs_walled.fbx using Guid(6936aa8a2ed2d401989eee6051b08994) Importer(815301076,1909f56bfc062723c751e8b465ee728b)  -> (artifact id: 'aaef103358366f83fba597048d99ead6') in 0.011917 seconds
Number of updated asset objects reloaded before import = 0
Number of asset objects unloaded after import = 9
========================================================================
Received Import Request.
  Time since last request: 0.093007 seconds.
  path: Assets/Assets/fbx/stairs_wood.fbx
  artifactKey: Guid(d5a39c66a23074feab9fdf2c5d1fd8d2) Importer(815301076,1909f56bfc062723c751e8b465ee728b)
Start importing Assets/Assets/fbx/stairs_wood.fbx using Guid(d5a39c66a23074feab9fdf2c5d1fd8d2) Importer(815301076,1909f56bfc062723c751e8b465ee728b)  -> (artifact id: '52f14c69ab1f689bccbabd70308773fe') in 0.011546 seconds
Number of updated asset objects reloaded before import = 0
Number of asset objects unloaded after import = 9
========================================================================
Received Import Request.
  Time since last request: 0.051337 seconds.
  path: Assets/Assets/fbx/stool.fbx
  artifactKey: Guid(7f6b23be22f624d00aa7af4abdaf3708) Importer(815301076,1909f56bfc062723c751e8b465ee728b)
Start importing Assets/Assets/fbx/stool.fbx using Guid(7f6b23be22f624d00aa7af4abdaf3708) Importer(815301076,1909f56bfc062723c751e8b465ee728b)  -> (artifact id: '2f42d0b60c16cd5cbccf903c5b08be93') in 0.010843 seconds
Number of updated asset objects reloaded before import = 0
Number of asset objects unloaded after import = 9
========================================================================
Received Import Request.
  Time since last request: 0.045507 seconds.
  path: Assets/Assets/fbx/sword_shield_broken.fbx
  artifactKey: Guid(07e80f5d54f374b4abf11f5209429cf4) Importer(815301076,1909f56bfc062723c751e8b465ee728b)
Start importing Assets/Assets/fbx/sword_shield_broken.fbx using Guid(07e80f5d54f374b4abf11f5209429cf4) Importer(815301076,1909f56bfc062723c751e8b465ee728b)  -> (artifact id: '413eda1dc2ad9b46061bdbfffc943b0d') in 0.010277 seconds
Number of updated asset objects reloaded before import = 0
Number of asset objects unloaded after import = 9
========================================================================
Received Import Request.
  Time since last request: 0.146374 seconds.
  path: Assets/Assets/fbx/table_long.fbx
  artifactKey: Guid(74e019d5dd3af44dca7a3e01f310446f) Importer(815301076,1909f56bfc062723c751e8b465ee728b)
Start importing Assets/Assets/fbx/table_long.fbx using Guid(74e019d5dd3af44dca7a3e01f310446f) Importer(815301076,1909f56bfc062723c751e8b465ee728b)  -> (artifact id: '1d22ca5a0de429549cba3d46051e639a') in 0.012114 seconds
Number of updated asset objects reloaded before import = 0
Number of asset objects unloaded after import = 9
========================================================================
Received Import Request.
  Time since last request: 0.360350 seconds.
  path: Assets/Assets/fbx/table_long_decorated_A.fbx
  artifactKey: Guid(01c9ba59d4b754de58559e6e269c58c5) Importer(815301076,1909f56bfc062723c751e8b465ee728b)
Start importing Assets/Assets/fbx/table_long_decorated_A.fbx using Guid(01c9ba59d4b754de58559e6e269c58c5) Importer(815301076,1909f56bfc062723c751e8b465ee728b)  -> (artifact id: 'b9cee5b42d28ab25ba3e30ea058fec66') in 0.016037 seconds
Number of updated asset objects reloaded before import = 0
Number of asset objects unloaded after import = 9
========================================================================
Received Import Request.
  Time since last request: 0.114884 seconds.
  path: Assets/Assets/fbx/table_long_decorated_C.fbx
  artifactKey: Guid(0288c48539fcb43c78b1e5290daa3de9) Importer(815301076,1909f56bfc062723c751e8b465ee728b)
Start importing Assets/Assets/fbx/table_long_decorated_C.fbx using Guid(0288c48539fcb43c78b1e5290daa3de9) Importer(815301076,1909f56bfc062723c751e8b465ee728b)  -> (artifact id: '061381c1cc85c728e0bb23847450c28b') in 0.013869 seconds
Number of updated asset objects reloaded before import = 0
Number of asset objects unloaded after import = 9
========================================================================
Received Import Request.
  Time since last request: 0.153648 seconds.
  path: Assets/Assets/fbx/table_long_tablecloth_decorated_A.fbx
  artifactKey: Guid(aeaebe633542b41669001fdbb3e58d37) Importer(815301076,1909f56bfc062723c751e8b465ee728b)
Start importing Assets/Assets/fbx/table_long_tablecloth_decorated_A.fbx using Guid(aeaebe633542b41669001fdbb3e58d37) Importer(815301076,1909f56bfc062723c751e8b465ee728b)  -> (artifact id: 'ade974b17eeca4fc46caabb0e3375c8a') in 0.014219 seconds
Number of updated asset objects reloaded before import = 0
Number of asset objects unloaded after import = 9
========================================================================
Received Import Request.
  Time since last request: 0.236354 seconds.
  path: Assets/Assets/fbx/table_medium_broken.fbx
  artifactKey: Guid(6b0c76f66eb7544dcac91ecc5c3d1b9a) Importer(815301076,1909f56bfc062723c751e8b465ee728b)
Start importing Assets/Assets/fbx/table_medium_broken.fbx using Guid(6b0c76f66eb7544dcac91ecc5c3d1b9a) Importer(815301076,1909f56bfc062723c751e8b465ee728b)  -> (artifact id: 'cb70518db324540db810e47534b841ec') in 0.014852 seconds
Number of updated asset objects reloaded before import = 0
Number of asset objects unloaded after import = 9
========================================================================
Received Import Request.
  Time since last request: 0.222310 seconds.
  path: Assets/Assets/fbx/table_medium_decorated_B.fbx
  artifactKey: Guid(620c6eee1b1a445e0a4b32af15869fdb) Importer(815301076,1909f56bfc062723c751e8b465ee728b)
Start importing Assets/Assets/fbx/table_medium_decorated_B.fbx using Guid(620c6eee1b1a445e0a4b32af15869fdb) Importer(815301076,1909f56bfc062723c751e8b465ee728b)  -> (artifact id: 'f964f439b1f232abfedfa8acdb16733a') in 0.014962 seconds
Number of updated asset objects reloaded before import = 0
Number of asset objects unloaded after import = 9
========================================================================
Received Import Request.
  Time since last request: 0.561459 seconds.
  path: Assets/Assets/fbx/table_medium_tablecloth_decorated_B.fbx
  artifactKey: Guid(8b452bb79b3ce4da8af1e1f15cdb0d9e) Importer(815301076,1909f56bfc062723c751e8b465ee728b)
Start importing Assets/Assets/fbx/table_medium_tablecloth_decorated_B.fbx using Guid(8b452bb79b3ce4da8af1e1f15cdb0d9e) Importer(815301076,1909f56bfc062723c751e8b465ee728b)  -> (artifact id: '25ae9d05f40849682bffe85d89ae88ad') in 0.014752 seconds
Number of updated asset objects reloaded before import = 0
Number of asset objects unloaded after import = 9
========================================================================
Received Import Request.
  Time since last request: 0.159712 seconds.
  path: Assets/Assets/fbx/table_small_decorated_A.fbx
  artifactKey: Guid(22154fa01053c4c7c9dd704fce379f64) Importer(815301076,1909f56bfc062723c751e8b465ee728b)
Start importing Assets/Assets/fbx/table_small_decorated_A.fbx using Guid(22154fa01053c4c7c9dd704fce379f64) Importer(815301076,1909f56bfc062723c751e8b465ee728b)  -> (artifact id: '54de091e62952de2e180114f65248861') in 0.015017 seconds
Number of updated asset objects reloaded before import = 0
Number of asset objects unloaded after import = 9
========================================================================
Received Import Request.
  Time since last request: 0.137034 seconds.
  path: Assets/Assets/fbx/table_small_decorated_C.fbx
  artifactKey: Guid(27f2516ccfacb4139999a70f9c687ff9) Importer(815301076,1909f56bfc062723c751e8b465ee728b)
Start importing Assets/Assets/fbx/table_small_decorated_C.fbx using Guid(27f2516ccfacb4139999a70f9c687ff9) Importer(815301076,1909f56bfc062723c751e8b465ee728b)  -> (artifact id: '713c8c6c7e94fbca76513f603eea4677') in 0.013729 seconds
Number of updated asset objects reloaded before import = 0
Number of asset objects unloaded after import = 9
========================================================================
Received Import Request.
  Time since last request: 0.120114 seconds.
  path: Assets/Assets/fbx/torch_lit.fbx
  artifactKey: Guid(f2a84139184f2459ebf89dd8d4790690) Importer(815301076,1909f56bfc062723c751e8b465ee728b)
Start importing Assets/Assets/fbx/torch_lit.fbx using Guid(f2a84139184f2459ebf89dd8d4790690) Importer(815301076,1909f56bfc062723c751e8b465ee728b)  -> (artifact id: '0f8115d531ffd967c81c0a03c01e6b64') in 0.013529 seconds
Number of updated asset objects reloaded before import = 0
Number of asset objects unloaded after import = 9
========================================================================
Received Import Request.
  Time since last request: 0.107907 seconds.
  path: Assets/Assets/fbx/trunk_large_A.fbx
  artifactKey: Guid(36d99eb9f341f43fc8a7f53534eae238) Importer(815301076,1909f56bfc062723c751e8b465ee728b)
Start importing Assets/Assets/fbx/trunk_large_A.fbx using Guid(36d99eb9f341f43fc8a7f53534eae238) Importer(815301076,1909f56bfc062723c751e8b465ee728b)  -> (artifact id: 'f81daa66bf073cb5e32837a05d91fc23') in 0.013863 seconds
Number of updated asset objects reloaded before import = 0
Number of asset objects unloaded after import = 9
========================================================================
Received Import Request.
  Time since last request: 0.153053 seconds.
  path: Assets/Assets/fbx/trunk_large_C.fbx
  artifactKey: Guid(cf8c2b729a68a4f97af01ca23fba0692) Importer(815301076,1909f56bfc062723c751e8b465ee728b)
Start importing Assets/Assets/fbx/trunk_large_C.fbx using Guid(cf8c2b729a68a4f97af01ca23fba0692) Importer(815301076,1909f56bfc062723c751e8b465ee728b)  -> (artifact id: '01031c6c8e139d7fb53478ffbfe47022') in 0.014593 seconds
Number of updated asset objects reloaded before import = 0
Number of asset objects unloaded after import = 9
========================================================================
Received Import Request.
  Time since last request: 0.213746 seconds.
  path: Assets/Assets/fbx/trunk_medium_B.fbx
  artifactKey: Guid(2f7af97a91b06483ebc178de771cca65) Importer(815301076,1909f56bfc062723c751e8b465ee728b)
Start importing Assets/Assets/fbx/trunk_medium_B.fbx using Guid(2f7af97a91b06483ebc178de771cca65) Importer(815301076,1909f56bfc062723c751e8b465ee728b)  -> (artifact id: 'ac3183f152dc65b09b46eee98cad5757') in 0.016315 seconds
Number of updated asset objects reloaded before import = 0
Number of asset objects unloaded after import = 9
========================================================================
Received Import Request.
  Time since last request: 0.213055 seconds.
  path: Assets/Assets/fbx/trunk_small_A.fbx
  artifactKey: Guid(7c8af3866930048158bd5cd26a9ba88b) Importer(815301076,1909f56bfc062723c751e8b465ee728b)
Start importing Assets/Assets/fbx/trunk_small_A.fbx using Guid(7c8af3866930048158bd5cd26a9ba88b) Importer(815301076,1909f56bfc062723c751e8b465ee728b)  -> (artifact id: 'ae2e6c2c9ca68d21a0ce1ee157817642') in 0.013254 seconds
Number of updated asset objects reloaded before import = 0
Number of asset objects unloaded after import = 9
========================================================================
Received Import Request.
  Time since last request: 0.344195 seconds.
  path: Assets/Assets/fbx/trunk_small_C.fbx
  artifactKey: Guid(e863129131a38413d86ae58cc5af017c) Importer(815301076,1909f56bfc062723c751e8b465ee728b)
Start importing Assets/Assets/fbx/trunk_small_C.fbx using Guid(e863129131a38413d86ae58cc5af017c) Importer(815301076,1909f56bfc062723c751e8b465ee728b)  -> (artifact id: '3a3ef792d795eef0b7da7f82ff8c36b7') in 0.015870 seconds
Number of updated asset objects reloaded before import = 0
Number of asset objects unloaded after import = 9
========================================================================
Received Import Request.
  Time since last request: 0.322269 seconds.
  path: Assets/Assets/fbx/wall_arched.fbx
  artifactKey: Guid(7d49f74d9c9a24b31943115bbfe07f27) Importer(815301076,1909f56bfc062723c751e8b465ee728b)
Start importing Assets/Assets/fbx/wall_arched.fbx using Guid(7d49f74d9c9a24b31943115bbfe07f27) Importer(815301076,1909f56bfc062723c751e8b465ee728b)  -> (artifact id: '0380c9d14007555a217f0b021a17411b') in 0.017726 seconds
Number of updated asset objects reloaded before import = 0
Number of asset objects unloaded after import = 9
========================================================================
Received Import Request.
  Time since last request: 0.203289 seconds.
  path: Assets/Assets/fbx/wall_archedwindow_gated_scaffold.fbx
  artifactKey: Guid(b3cc21bb052804f409b49687acebadcc) Importer(815301076,1909f56bfc062723c751e8b465ee728b)
Start importing Assets/Assets/fbx/wall_archedwindow_gated_scaffold.fbx using Guid(b3cc21bb052804f409b49687acebadcc) Importer(815301076,1909f56bfc062723c751e8b465ee728b)  -> (artifact id: 'a07c898aac750f1543a0071a7bbc2301') in 0.016631 seconds
Number of updated asset objects reloaded before import = 0
Number of asset objects unloaded after import = 9
========================================================================
Received Import Request.
  Time since last request: 0.196757 seconds.
  path: Assets/Assets/fbx/wall_broken.fbx
  artifactKey: Guid(4eb6b52662ce843c5b9e466c90a644d2) Importer(815301076,1909f56bfc062723c751e8b465ee728b)
Start importing Assets/Assets/fbx/wall_broken.fbx using Guid(4eb6b52662ce843c5b9e466c90a644d2) Importer(815301076,1909f56bfc062723c751e8b465ee728b)  -> (artifact id: 'ff211c596740f184885449de1a41ca68') in 0.016308 seconds
Number of updated asset objects reloaded before import = 0
Number of asset objects unloaded after import = 9
========================================================================
Received Import Request.
  Time since last request: 0.215452 seconds.
  path: Assets/Assets/fbx/wall_corner_gated.fbx
  artifactKey: Guid(13832093c62fa403b8490c0056efc262) Importer(815301076,1909f56bfc062723c751e8b465ee728b)
Start importing Assets/Assets/fbx/wall_corner_gated.fbx using Guid(13832093c62fa403b8490c0056efc262) Importer(815301076,1909f56bfc062723c751e8b465ee728b)  -> (artifact id: '88cd21047bbe461efbc38267f19fe6c4') in 0.015842 seconds
Number of updated asset objects reloaded before import = 0
Number of asset objects unloaded after import = 9
========================================================================
Received Import Request.
  Time since last request: 0.087917 seconds.
  path: Assets/Assets/fbx/wall_corner_small.fbx
  artifactKey: Guid(031b462222715458ca0a14247d524495) Importer(815301076,1909f56bfc062723c751e8b465ee728b)
Start importing Assets/Assets/fbx/wall_corner_small.fbx using Guid(031b462222715458ca0a14247d524495) Importer(815301076,1909f56bfc062723c751e8b465ee728b)  -> (artifact id: '3805baccc84f140901c03d39f4808c9e') in 0.012183 seconds
Number of updated asset objects reloaded before import = 0
Number of asset objects unloaded after import = 9
========================================================================
Received Import Request.
  Time since last request: 0.075208 seconds.
  path: Assets/Assets/fbx/wall_crossing.fbx
  artifactKey: Guid(13d5d1266a4374229b452eed48ecc780) Importer(815301076,1909f56bfc062723c751e8b465ee728b)
Start importing Assets/Assets/fbx/wall_crossing.fbx using Guid(13d5d1266a4374229b452eed48ecc780) Importer(815301076,1909f56bfc062723c751e8b465ee728b)  -> (artifact id: 'b51760f66d885774ea96b9779eb73a49') in 0.011964 seconds
Number of updated asset objects reloaded before import = 0
Number of asset objects unloaded after import = 9
========================================================================
Received Import Request.
  Time since last request: 0.253157 seconds.
  path: Assets/Assets/fbx/wall_doorway_scaffold.fbx
  artifactKey: Guid(2c6392625cb8d4500a80a28fffe453b7) Importer(815301076,1909f56bfc062723c751e8b465ee728b)
Start importing Assets/Assets/fbx/wall_doorway_scaffold.fbx using Guid(2c6392625cb8d4500a80a28fffe453b7) Importer(815301076,1909f56bfc062723c751e8b465ee728b)  -> (artifact id: '95d50d1ed8f51e2b4d05f48c0994afa4') in 0.021558 seconds
Number of updated asset objects reloaded before import = 0
Number of asset objects unloaded after import = 14
========================================================================
Received Import Request.
  Time since last request: 0.268170 seconds.
  path: Assets/Assets/fbx/wall_doorway_Tsplit.fbx
  artifactKey: Guid(a9932a1be0a144272a4243542a112366) Importer(815301076,1909f56bfc062723c751e8b465ee728b)
Start importing Assets/Assets/fbx/wall_doorway_Tsplit.fbx using Guid(a9932a1be0a144272a4243542a112366) Importer(815301076,1909f56bfc062723c751e8b465ee728b)  -> (artifact id: 'c488120374e941a13bbc51934ba48efc') in 0.016692 seconds
Number of updated asset objects reloaded before import = 0
Number of asset objects unloaded after import = 9
========================================================================
Received Import Request.
  Time since last request: 0.137843 seconds.
  path: Assets/Assets/fbx/wall_gated.fbx
  artifactKey: Guid(3a8ac2a41ad7c4d4dbe7916900ab5f65) Importer(815301076,1909f56bfc062723c751e8b465ee728b)
Start importing Assets/Assets/fbx/wall_gated.fbx using Guid(3a8ac2a41ad7c4d4dbe7916900ab5f65) Importer(815301076,1909f56bfc062723c751e8b465ee728b)  -> (artifact id: '800f1e22e609afc253250cbb1ad9c8d4') in 0.014128 seconds
Number of updated asset objects reloaded before import = 0
Number of asset objects unloaded after import = 9
========================================================================
Received Import Request.
  Time since last request: 0.121570 seconds.
  path: Assets/Assets/fbx/wall_half_endcap.fbx
  artifactKey: Guid(2a4a3ac722abc41fca2d990dfb683c16) Importer(815301076,1909f56bfc062723c751e8b465ee728b)
Start importing Assets/Assets/fbx/wall_half_endcap.fbx using Guid(2a4a3ac722abc41fca2d990dfb683c16) Importer(815301076,1909f56bfc062723c751e8b465ee728b)  -> (artifact id: 'e87c62c90344204479e74397a5216c70') in 0.012831 seconds
Number of updated asset objects reloaded before import = 0
Number of asset objects unloaded after import = 9
========================================================================
Received Import Request.
  Time since last request: 0.049923 seconds.
  path: Assets/Assets/fbx/wall_inset.fbx
  artifactKey: Guid(59c14acbfffcb43c98851788dcb69eb9) Importer(815301076,1909f56bfc062723c751e8b465ee728b)
Start importing Assets/Assets/fbx/wall_inset.fbx using Guid(59c14acbfffcb43c98851788dcb69eb9) Importer(815301076,1909f56bfc062723c751e8b465ee728b)  -> (artifact id: '3e5c887c8f33df56c2b3d3fa033dc053') in 0.012000 seconds
Number of updated asset objects reloaded before import = 0
Number of asset objects unloaded after import = 9
========================================================================
Received Import Request.
  Time since last request: 0.253224 seconds.
  path: Assets/Assets/fbx/wall_inset_shelves.fbx
  artifactKey: Guid(bfcc759d5c4f14ce7a788d348ffd33c8) Importer(815301076,1909f56bfc062723c751e8b465ee728b)
Start importing Assets/Assets/fbx/wall_inset_shelves.fbx using Guid(bfcc759d5c4f14ce7a788d348ffd33c8) Importer(815301076,1909f56bfc062723c751e8b465ee728b)  -> (artifact id: 'f6ace0450dd35276455a0956b838fba7') in 0.017882 seconds
Number of updated asset objects reloaded before import = 0
Number of asset objects unloaded after import = 9
========================================================================
Received Import Request.
  Time since last request: 0.155669 seconds.
  path: Assets/Assets/fbx/wall_inset_shelves_decoratedA.fbx
  artifactKey: Guid(662d144c274eb41e085b8cd38548d40b) Importer(815301076,1909f56bfc062723c751e8b465ee728b)
Start importing Assets/Assets/fbx/wall_inset_shelves_decoratedA.fbx using Guid(662d144c274eb41e085b8cd38548d40b) Importer(815301076,1909f56bfc062723c751e8b465ee728b)  -> (artifact id: '575771498fecf6a0b66b4c6368d2731f') in 0.014651 seconds
Number of updated asset objects reloaded before import = 0
Number of asset objects unloaded after import = 9
========================================================================
Received Import Request.
  Time since last request: 0.190152 seconds.
  path: Assets/Assets/fbx/wall_open_scaffold.fbx
  artifactKey: Guid(e9588fc45b5984760982948dae78239b) Importer(815301076,1909f56bfc062723c751e8b465ee728b)
Start importing Assets/Assets/fbx/wall_open_scaffold.fbx using Guid(e9588fc45b5984760982948dae78239b) Importer(815301076,1909f56bfc062723c751e8b465ee728b)  -> (artifact id: 'f8f23e4a100497269354f0e2a050a656') in 0.014545 seconds
Number of updated asset objects reloaded before import = 0
Number of asset objects unloaded after import = 9
========================================================================
Received Import Request.
  Time since last request: 0.416878 seconds.
  path: Assets/Assets/fbx/wall_scaffold.fbx
  artifactKey: Guid(0d9fc782d719240eeb5fd27711c22a39) Importer(815301076,1909f56bfc062723c751e8b465ee728b)
Start importing Assets/Assets/fbx/wall_scaffold.fbx using Guid(0d9fc782d719240eeb5fd27711c22a39) Importer(815301076,1909f56bfc062723c751e8b465ee728b)  -> (artifact id: 'a65a9e58bb595cd6b18abe03c72b1897') in 0.014000 seconds
Number of updated asset objects reloaded before import = 0
Number of asset objects unloaded after import = 9
========================================================================
Received Import Request.
  Time since last request: 0.450402 seconds.
  path: Assets/Assets/fbx/wall_sloped.fbx
  artifactKey: Guid(ec4b2fa2a06b740d8807b4c4cf844416) Importer(815301076,1909f56bfc062723c751e8b465ee728b)
Start importing Assets/Assets/fbx/wall_sloped.fbx using Guid(ec4b2fa2a06b740d8807b4c4cf844416) Importer(815301076,1909f56bfc062723c751e8b465ee728b)  -> (artifact id: 'cda6324302509b1d3ea1f4aaa2b38035') in 0.017290 seconds
Number of updated asset objects reloaded before import = 0
Number of asset objects unloaded after import = 9
========================================================================
Received Import Request.
  Time since last request: 0.212076 seconds.
  path: Assets/Assets/fbx/wall_Tsplit_sloped.fbx
  artifactKey: Guid(b9bedf6d3378a4e8d97024cb5cbcf3c6) Importer(815301076,1909f56bfc062723c751e8b465ee728b)
Start importing Assets/Assets/fbx/wall_Tsplit_sloped.fbx using Guid(b9bedf6d3378a4e8d97024cb5cbcf3c6) Importer(815301076,1909f56bfc062723c751e8b465ee728b)  -> (artifact id: '5b45dc1269ca76eabb90037e83089552') in 0.016245 seconds
Number of updated asset objects reloaded before import = 0
Number of asset objects unloaded after import = 9
========================================================================
Received Import Request.
  Time since last request: 0.179226 seconds.
  path: Assets/Assets/fbx/wall_window_closed_scaffold.fbx
  artifactKey: Guid(04f5e7afaae644f2da5bdf4b1807187d) Importer(815301076,1909f56bfc062723c751e8b465ee728b)
Start importing Assets/Assets/fbx/wall_window_closed_scaffold.fbx using Guid(04f5e7afaae644f2da5bdf4b1807187d) Importer(815301076,1909f56bfc062723c751e8b465ee728b)  -> (artifact id: 'e739c1f608f4b300e58399f5cedf26c6') in 0.017483 seconds
Number of updated asset objects reloaded before import = 0
Number of asset objects unloaded after import = 9
========================================================================
Received Import Request.
  Time since last request: 0.142058 seconds.
  path: Assets/Assets/fbx/wall_window_open_scaffold.fbx
  artifactKey: Guid(5a89f5e0ab2ac4a40935f3d4b4a27250) Importer(815301076,1909f56bfc062723c751e8b465ee728b)
Start importing Assets/Assets/fbx/wall_window_open_scaffold.fbx using Guid(5a89f5e0ab2ac4a40935f3d4b4a27250) Importer(815301076,1909f56bfc062723c751e8b465ee728b)  -> (artifact id: 'b1863b1698464cfb45f7fbf4713b0374') in 0.011468 seconds
Number of updated asset objects reloaded before import = 0
Number of asset objects unloaded after import = 9
