Unity Editor version:    2022.3.12f1 (4fe6e059c7ef)
Branch:                  2022.3/release
Build type:              Release
Batch mode:              YES
macOS version:           Version 14.4.1 (Build 23E224)
Darwin version:          23.4.0
Architecture:            arm64
Running under Rosetta:   NO
Available memory:        32768 MB
Using pre-set license
Pro License: YES

COMMAND LINE ARGUMENTS:
/Applications/Unity/Hub/Editor/2022.3.12f1/Unity.app/Contents/MacOS/Unity
-adb2
-batchMode
-noUpm
-name
AssetImportWorker3
-projectPath
/Users/jonathonacosta591/Documents/GitHub/Semester-FInal/Semester Final
-logFile
Logs/AssetImportWorker3.log
-srvPort
51842
Successfully changed project path to: /Users/jonathonacosta591/Documents/GitHub/Semester-FInal/Semester Final
Could not lock editor preferences. Preferences updates for this instance of Unity will not be saved./Users/jonathonacosta591/Documents/GitHub/Semester-FInal/Semester Final
[UnityMemory] Configuration Parameters - Can be set up in boot.config
    "memorysetup-bucket-allocator-granularity=16"
    "memorysetup-bucket-allocator-bucket-count=8"
    "memorysetup-bucket-allocator-block-size=33554432"
    "memorysetup-bucket-allocator-block-count=8"
    "memorysetup-main-allocator-block-size=16777216"
    "memorysetup-thread-allocator-block-size=16777216"
    "memorysetup-gfx-main-allocator-block-size=16777216"
    "memorysetup-gfx-thread-allocator-block-size=16777216"
    "memorysetup-cache-allocator-block-size=4194304"
    "memorysetup-typetree-allocator-block-size=2097152"
    "memorysetup-profiler-bucket-allocator-granularity=16"
    "memorysetup-profiler-bucket-allocator-bucket-count=8"
    "memorysetup-profiler-bucket-allocator-block-size=33554432"
    "memorysetup-profiler-bucket-allocator-block-count=8"
    "memorysetup-profiler-allocator-block-size=16777216"
    "memorysetup-profiler-editor-allocator-block-size=1048576"
    "memorysetup-temp-allocator-size-main=16777216"
    "memorysetup-job-temp-allocator-block-size=2097152"
    "memorysetup-job-temp-allocator-block-size-background=1048576"
    "memorysetup-job-temp-allocator-reduction-small-platforms=262144"
    "memorysetup-allocator-temp-initial-block-size-main=262144"
    "memorysetup-allocator-temp-initial-block-size-worker=262144"
    "memorysetup-temp-allocator-size-background-worker=32768"
    "memorysetup-temp-allocator-size-job-worker=262144"
    "memorysetup-temp-allocator-size-preload-manager=33554432"
    "memorysetup-temp-allocator-size-nav-mesh-worker=65536"
    "memorysetup-temp-allocator-size-audio-worker=65536"
    "memorysetup-temp-allocator-size-cloud-worker=32768"
    "memorysetup-temp-allocator-size-gi-baking-worker=262144"
    "memorysetup-temp-allocator-size-gfx=262144"
Player connection [8497773248] Host "[IP] 10.94.26.233 [Port] 0 [Flags] 2 [Guid] 3974379038 [EditorId] 3974379038 [Version] 1048832 [Id] OSXEditor(0,mac-studio.rusd.edu) [Debug] 1 [PackageName] OSXEditor [ProjectName] Editor" joined multi-casting on [225.0.0.222:54997]...

Player connection [8497773248] Host "[IP] 10.94.26.233 [Port] 0 [Flags] 2 [Guid] 3974379038 [EditorId] 3974379038 [Version] 1048832 [Id] OSXEditor(0,mac-studio.rusd.edu) [Debug] 1 [PackageName] OSXEditor [ProjectName] Editor" joined alternative multi-casting on [225.0.0.222:34997]...

[Physics::Module] Initialized MultithreadedJobDispatcher with 11 workers.
Refreshing native plugins compatible for Editor in 2.24 ms, found 2 plugins.
Preloading 0 native plugins for Editor in 0.00 ms.
Initialize engine version: 2022.3.12f1 (4fe6e059c7ef)
[Subsystems] Discovering subsystems at path /Applications/Unity/Hub/Editor/2022.3.12f1/Unity.app/Contents/Resources/UnitySubsystems
[Subsystems] Discovering subsystems at path /Users/jonathonacosta591/Documents/GitHub/Semester-FInal/Semester Final/Assets
GfxDevice: creating device client; threaded=0; jobified=0
 preferred device: Apple M2 Max (high power)
Metal devices available: 1
0: Apple M2 Max (high power)
Using device Apple M2 Max (high power)
Initializing Metal device caps: Apple M2 Max
Initialize mono
Mono path[0] = '/Applications/Unity/Hub/Editor/2022.3.12f1/Unity.app/Contents/Managed'
Mono path[1] = '/Applications/Unity/Hub/Editor/2022.3.12f1/Unity.app/Contents/MonoBleedingEdge/lib/mono/unityjit-macos'
Mono config path = '/Applications/Unity/Hub/Editor/2022.3.12f1/Unity.app/Contents/MonoBleedingEdge/etc'
Using monoOptions --debugger-agent=transport=dt_socket,embedding=1,server=y,suspend=n,address=127.0.0.1:56637
Begin MonoManager ReloadAssembly
Registering precompiled unity dll's ...
Register platform support module: /Applications/Unity/Hub/Editor/2022.3.12f1/PlaybackEngines/WebGLSupport/UnityEditor.WebGL.Extensions.dll
Register platform support module: /Applications/Unity/Hub/Editor/2022.3.12f1/Unity.app/Contents/PlaybackEngines/MacStandaloneSupport/UnityEditor.OSXStandalone.Extensions.dll
Registered in 0.000947 seconds.
- Loaded All Assemblies, in  0.178 seconds
Native extension for OSXStandalone target not found
Native extension for WebGL target not found
Mono: successfully reloaded assembly
- Finished resetting the current domain, in  0.132 seconds
Domain Reload Profiling: 310ms
	BeginReloadAssembly (39ms)
		ExecutionOrderSort (0ms)
		DisableScriptedObjects (0ms)
		BackupInstance (0ms)
		ReleaseScriptingObjects (0ms)
		CreateAndSetChildDomain (0ms)
	RebuildCommonClasses (22ms)
	RebuildNativeTypeToScriptingClass (8ms)
	initialDomainReloadingComplete (28ms)
	LoadAllAssembliesAndSetupDomain (81ms)
		LoadAssemblies (39ms)
		RebuildTransferFunctionScriptingTraits (0ms)
		AnalyzeDomain (80ms)
			TypeCache.Refresh (80ms)
				TypeCache.ScanAssembly (72ms)
			ScanForSourceGeneratedMonoScriptInfo (0ms)
			ResolveRequiredComponents (0ms)
	FinalizeReload (132ms)
		ReleaseScriptCaches (0ms)
		RebuildScriptCaches (0ms)
		SetupLoadedEditorAssemblies (98ms)
			LogAssemblyErrors (0ms)
			InitializePlatformSupportModulesInManaged (4ms)
			SetLoadedEditorAssemblies (3ms)
			RefreshPlugins (0ms)
			BeforeProcessingInitializeOnLoad (1ms)
			ProcessInitializeOnLoadAttributes (67ms)
			ProcessInitializeOnLoadMethodAttributes (23ms)
			AfterProcessingInitializeOnLoad (0ms)
			EditorAssembliesLoaded (0ms)
		ExecutionOrderSort2 (0ms)
		AwakeInstancesAfterBackupRestoration (0ms)
========================================================================
Worker process is ready to serve import requests
Begin MonoManager ReloadAssembly
- Loaded All Assemblies, in  0.287 seconds
Refreshing native plugins compatible for Editor in 0.86 ms, found 2 plugins.
Native extension for OSXStandalone target not found
Native extension for WebGL target not found
Package Manager log level set to [2]
[Package Manager] Server::EnsureServerProcessIsRunning -- launch failed, reason: Unity was launched with the -noUpm command-line argument
[Package Manager] UpmClient::Send -- Unable to send message (not connected to UPM process).
[Package Manager] Cannot connect to Unity Package Manager local server
Mono: successfully reloaded assembly
- Finished resetting the current domain, in  0.288 seconds
Domain Reload Profiling: 575ms
	BeginReloadAssembly (63ms)
		ExecutionOrderSort (0ms)
		DisableScriptedObjects (3ms)
		BackupInstance (0ms)
		ReleaseScriptingObjects (0ms)
		CreateAndSetChildDomain (14ms)
	RebuildCommonClasses (20ms)
	RebuildNativeTypeToScriptingClass (7ms)
	initialDomainReloadingComplete (19ms)
	LoadAllAssembliesAndSetupDomain (178ms)
		LoadAssemblies (105ms)
		RebuildTransferFunctionScriptingTraits (0ms)
		AnalyzeDomain (100ms)
			TypeCache.Refresh (91ms)
				TypeCache.ScanAssembly (82ms)
			ScanForSourceGeneratedMonoScriptInfo (6ms)
			ResolveRequiredComponents (2ms)
	FinalizeReload (288ms)
		ReleaseScriptCaches (0ms)
		RebuildScriptCaches (0ms)
		SetupLoadedEditorAssemblies (206ms)
			LogAssemblyErrors (0ms)
			InitializePlatformSupportModulesInManaged (3ms)
			SetLoadedEditorAssemblies (2ms)
			RefreshPlugins (0ms)
			BeforeProcessingInitializeOnLoad (28ms)
			ProcessInitializeOnLoadAttributes (163ms)
			ProcessInitializeOnLoadMethodAttributes (9ms)
			AfterProcessingInitializeOnLoad (1ms)
			EditorAssembliesLoaded (0ms)
		ExecutionOrderSort2 (0ms)
		AwakeInstancesAfterBackupRestoration (2ms)
Launching external process: /Applications/Unity/Hub/Editor/2022.3.12f1/Unity.app/Contents/Tools/UnityShaderCompiler
Launched and connected shader compiler UnityShaderCompiler after 0.03 seconds
Refreshing native plugins compatible for Editor in 0.72 ms, found 2 plugins.
Preloading 0 native plugins for Editor in 0.00 ms.
Unloading 3092 Unused Serialized files (Serialized files now loaded: 0)
Unloading 32 unused Assets / (51.1 KB). Loaded Objects now: 3553.
Memory consumption went from 128.9 MB to 128.8 MB.
Total: 2.207542 ms (FindLiveObjects: 0.128917 ms CreateObjectMapping: 0.050541 ms MarkObjects: 1.963084 ms  DeleteObjects: 0.064500 ms)

AssetImportParameters requested are different than current active one (requested -> active):
  custom:container-demuxer-ogg: 62fdf1f143b41e24485cea50d1cbac27 -> 
  custom:video-decoder-ogg-theora: a1e56fd34408186e4bbccfd4996cb3dc -> 
  custom:CustomObjectIndexerAttribute: 756ad292c208cfabdd7b50bc23989ffe -> 
  custom:container-demuxer-webm: 4f35f7cbe854078d1ac9338744f61a02 -> 
  custom:container-muxer-webm: aa71ff27fc2769a1b78a27578f13a17b -> 
  custom:video-decoder-webm-vp8: 9c59270c3fd7afecdb556c50c9e8de78 -> 
  custom:SearchIndexIgnoredProperties: e643bd26f0fe6173181afceb89e7c659 -> 
  custom:AudioImporter_EditorPlatform: 3918e3fc78b5a79bad01e8451be0beb8 -> 
  custom:framework-osx-AVFoundation: e770b220cccbd017edd2c1fefb359320 -> 
  custom:video-encoder-webm-vp8: eb34c28f22e8b96e1ab97ce403110664 -> 
  custom:audio-decoder-ogg-vorbis: bf7c407c2cedff20999df2af8eb42d56 -> 
  custom:audio-encoder-webm-vorbis: bf7c407c2cedff20999df2af8eb42d56 -> 
========================================================================
Received Import Request.
  Time since last request: 270128.722625 seconds.
  path: Assets/Assets/obj/banner_patternC_blue.obj
  artifactKey: Guid(3fd38124754d34122ba2dc193abe85ca) Importer(815301076,1909f56bfc062723c751e8b465ee728b)
Start importing Assets/Assets/obj/banner_patternC_blue.obj using Guid(3fd38124754d34122ba2dc193abe85ca) Importer(815301076,1909f56bfc062723c751e8b465ee728b)  -> (artifact id: '8359ac6dabf41efa3fe8d2454ef4a1e9') in 0.089450 seconds
Number of updated asset objects reloaded before import = 0
Number of asset objects unloaded after import = 11
========================================================================
Received Import Request.
  Time since last request: 0.000038 seconds.
  path: Assets/Assets/obj/banner_yellow.obj
  artifactKey: Guid(bc36319b06c5e4220abeb1fa2cb45b8c) Importer(815301076,1909f56bfc062723c751e8b465ee728b)
Start importing Assets/Assets/obj/banner_yellow.obj using Guid(bc36319b06c5e4220abeb1fa2cb45b8c) Importer(815301076,1909f56bfc062723c751e8b465ee728b)  -> (artifact id: '294a001befa7eca03c344df0023f0761') in 0.008735 seconds
Number of updated asset objects reloaded before import = 0
Number of asset objects unloaded after import = 11
========================================================================
Received Import Request.
  Time since last request: 0.000035 seconds.
  path: Assets/Assets/obj/barrel_small_stack.obj
  artifactKey: Guid(038358bf1cb3a4020805f0ae97c1fdb2) Importer(815301076,1909f56bfc062723c751e8b465ee728b)
Start importing Assets/Assets/obj/barrel_small_stack.obj using Guid(038358bf1cb3a4020805f0ae97c1fdb2) Importer(815301076,1909f56bfc062723c751e8b465ee728b)  -> (artifact id: 'b45e83f728127981be81d5bbe4dab96d') in 0.010537 seconds
Number of updated asset objects reloaded before import = 0
Number of asset objects unloaded after import = 11
========================================================================
Received Import Request.
  Time since last request: 0.000036 seconds.
  path: Assets/Assets/obj/bookcase_double.obj
  artifactKey: Guid(b17dcd523e4574223a181c64ffc56d76) Importer(815301076,1909f56bfc062723c751e8b465ee728b)
Start importing Assets/Assets/obj/bookcase_double.obj using Guid(b17dcd523e4574223a181c64ffc56d76) Importer(815301076,1909f56bfc062723c751e8b465ee728b)  -> (artifact id: '58ba5629933282374c50aca541ae49dc') in 0.008743 seconds
Number of updated asset objects reloaded before import = 0
Number of asset objects unloaded after import = 11
========================================================================
Received Import Request.
  Time since last request: 0.000118 seconds.
  path: Assets/Assets/obj/bottle_A_brown.obj
  artifactKey: Guid(30d1e6f617f4247a9affa7fa90711819) Importer(815301076,1909f56bfc062723c751e8b465ee728b)
Start importing Assets/Assets/obj/bottle_A_brown.obj using Guid(30d1e6f617f4247a9affa7fa90711819) Importer(815301076,1909f56bfc062723c751e8b465ee728b)  -> (artifact id: '028a585e34c8585a168b3599c5b61b2e') in 0.009549 seconds
Number of updated asset objects reloaded before import = 0
Number of asset objects unloaded after import = 11
========================================================================
Received Import Request.
  Time since last request: 0.000066 seconds.
  path: Assets/Assets/obj/bottle_A_labeled_green.obj
  artifactKey: Guid(4653236da8eeb4050962740d76cafcd7) Importer(815301076,1909f56bfc062723c751e8b465ee728b)
Start importing Assets/Assets/obj/bottle_A_labeled_green.obj using Guid(4653236da8eeb4050962740d76cafcd7) Importer(815301076,1909f56bfc062723c751e8b465ee728b)  -> (artifact id: 'e5e8ec5c7b2fdd4ffd89137b83767de8') in 0.007857 seconds
Number of updated asset objects reloaded before import = 0
Number of asset objects unloaded after import = 11
========================================================================
Received Import Request.
  Time since last request: 0.000037 seconds.
  path: Assets/Assets/obj/bottle_C_brown.obj
  artifactKey: Guid(293f0ffafca3a4ef183807d12c614b3e) Importer(815301076,1909f56bfc062723c751e8b465ee728b)
Start importing Assets/Assets/obj/bottle_C_brown.obj using Guid(293f0ffafca3a4ef183807d12c614b3e) Importer(815301076,1909f56bfc062723c751e8b465ee728b)  -> (artifact id: 'f26b3882e70e6010f9427d879dd99487') in 0.009007 seconds
Number of updated asset objects reloaded before import = 0
Number of asset objects unloaded after import = 11
========================================================================
Received Import Request.
  Time since last request: 0.000034 seconds.
  path: Assets/Assets/obj/chest_large.obj
  artifactKey: Guid(6fcafe95263e04a47bd23721ca168ee8) Importer(815301076,1909f56bfc062723c751e8b465ee728b)
Start importing Assets/Assets/obj/chest_large.obj using Guid(6fcafe95263e04a47bd23721ca168ee8) Importer(815301076,1909f56bfc062723c751e8b465ee728b)  -> (artifact id: 'e9b711fd44b5060a3da5de399ce14828') in 0.008533 seconds
Number of updated asset objects reloaded before import = 0
Number of asset objects unloaded after import = 11
========================================================================
Received Import Request.
  Time since last request: 0.000084 seconds.
  path: Assets/Assets/obj/chest_large_lid.obj
  artifactKey: Guid(53a25e207c8a943898d690bfbb06636c) Importer(815301076,1909f56bfc062723c751e8b465ee728b)
Start importing Assets/Assets/obj/chest_large_lid.obj using Guid(53a25e207c8a943898d690bfbb06636c) Importer(815301076,1909f56bfc062723c751e8b465ee728b)  -> (artifact id: '74f4bc2b27ebda9bd876f8e450dae77d') in 0.009378 seconds
Number of updated asset objects reloaded before import = 0
Number of asset objects unloaded after import = 11
========================================================================
Received Import Request.
  Time since last request: 0.000028 seconds.
  path: Assets/Assets/obj/chest_large_gold_lid.obj
  artifactKey: Guid(c0afa9a2ae0cf443184dac12fb3994d8) Importer(815301076,1909f56bfc062723c751e8b465ee728b)
Start importing Assets/Assets/obj/chest_large_gold_lid.obj using Guid(c0afa9a2ae0cf443184dac12fb3994d8) Importer(815301076,1909f56bfc062723c751e8b465ee728b)  -> (artifact id: '743292689ef83478102d96fa171df644') in 0.008728 seconds
Number of updated asset objects reloaded before import = 0
Number of asset objects unloaded after import = 11
========================================================================
Received Import Request.
  Time since last request: 0.000043 seconds.
  path: Assets/Assets/obj/floor_dirt_small_corner.obj
  artifactKey: Guid(cbd56c0a6322f46f7b71d4e2afb19218) Importer(815301076,1909f56bfc062723c751e8b465ee728b)
Start importing Assets/Assets/obj/floor_dirt_small_corner.obj using Guid(cbd56c0a6322f46f7b71d4e2afb19218) Importer(815301076,1909f56bfc062723c751e8b465ee728b)  -> (artifact id: '1234c60ccb1ba4dd23cd77bcd2ac1e26') in 0.009485 seconds
Number of updated asset objects reloaded before import = 0
Number of asset objects unloaded after import = 11
========================================================================
Received Import Request.
  Time since last request: 0.000033 seconds.
  path: Assets/Assets/obj/coin_stack_medium.obj
  artifactKey: Guid(e7a3a748566f04e38bd6853b23e8e4af) Importer(815301076,1909f56bfc062723c751e8b465ee728b)
Start importing Assets/Assets/obj/coin_stack_medium.obj using Guid(e7a3a748566f04e38bd6853b23e8e4af) Importer(815301076,1909f56bfc062723c751e8b465ee728b)  -> (artifact id: 'a610bb1e31052715f281d3a3d7d10070') in 0.008718 seconds
Number of updated asset objects reloaded before import = 0
Number of asset objects unloaded after import = 11
========================================================================
Received Import Request.
  Time since last request: 0.000042 seconds.
  path: Assets/Assets/obj/floor_tile_grate_open.obj
  artifactKey: Guid(2e198e19310c3441680feb536bc5a842) Importer(815301076,1909f56bfc062723c751e8b465ee728b)
Start importing Assets/Assets/obj/floor_tile_grate_open.obj using Guid(2e198e19310c3441680feb536bc5a842) Importer(815301076,1909f56bfc062723c751e8b465ee728b)  -> (artifact id: '757276f1e556b795a7abd9ae30638710') in 0.008311 seconds
Number of updated asset objects reloaded before import = 0
Number of asset objects unloaded after import = 11
========================================================================
Received Import Request.
  Time since last request: 0.000070 seconds.
  path: Assets/Assets/obj/floor_wood_large_dark.obj
  artifactKey: Guid(e91684fd0b6b34347b2a33be031cab18) Importer(815301076,1909f56bfc062723c751e8b465ee728b)
Start importing Assets/Assets/obj/floor_wood_large_dark.obj using Guid(e91684fd0b6b34347b2a33be031cab18) Importer(815301076,1909f56bfc062723c751e8b465ee728b)  -> (artifact id: 'e97289d219b20352ca5e2a54f37715bf') in 0.009131 seconds
Number of updated asset objects reloaded before import = 0
Number of asset objects unloaded after import = 11
========================================================================
Received Import Request.
  Time since last request: 0.000124 seconds.
  path: Assets/Assets/obj/keyring_hanging.obj
  artifactKey: Guid(83d01f8c244154c39acda0f429dd7b39) Importer(815301076,1909f56bfc062723c751e8b465ee728b)
Start importing Assets/Assets/obj/keyring_hanging.obj using Guid(83d01f8c244154c39acda0f429dd7b39) Importer(815301076,1909f56bfc062723c751e8b465ee728b)  -> (artifact id: '21897c32b07cf402aa3328f6ce863e36') in 0.008597 seconds
Number of updated asset objects reloaded before import = 0
Number of asset objects unloaded after import = 11
========================================================================
Received Import Request.
  Time since last request: 0.000093 seconds.
  path: Assets/Assets/obj/bookcase_double_decoratedB.obj
  artifactKey: Guid(c2d6f35f08ff042c0a0eab2b2530cece) Importer(815301076,1909f56bfc062723c751e8b465ee728b)
Start importing Assets/Assets/obj/bookcase_double_decoratedB.obj using Guid(c2d6f35f08ff042c0a0eab2b2530cece) Importer(815301076,1909f56bfc062723c751e8b465ee728b)  -> (artifact id: '90d71cf5d11ff53556156a6adb352fbd') in 0.009550 seconds
Number of updated asset objects reloaded before import = 0
Number of asset objects unloaded after import = 11
========================================================================
Received Import Request.
  Time since last request: 0.000033 seconds.
  path: Assets/Assets/obj/bookcase_double_decoratedA.obj
  artifactKey: Guid(dff9a07d55ca9457b96d67efb87135f4) Importer(815301076,1909f56bfc062723c751e8b465ee728b)
Start importing Assets/Assets/obj/bookcase_double_decoratedA.obj using Guid(dff9a07d55ca9457b96d67efb87135f4) Importer(815301076,1909f56bfc062723c751e8b465ee728b)  -> (artifact id: '347e2dff9de8f61d372ca5b0bdcd2b4f') in 0.009756 seconds
Number of updated asset objects reloaded before import = 0
Number of asset objects unloaded after import = 11
========================================================================
Received Import Request.
  Time since last request: 0.000033 seconds.
  path: Assets/Assets/obj/plate_food_B.obj
  artifactKey: Guid(8190c7127de3e4f70a3400dd7e7c5673) Importer(815301076,1909f56bfc062723c751e8b465ee728b)
Start importing Assets/Assets/obj/plate_food_B.obj using Guid(8190c7127de3e4f70a3400dd7e7c5673) Importer(815301076,1909f56bfc062723c751e8b465ee728b)  -> (artifact id: 'f4765e8e587afa31f08718035504623e') in 0.008635 seconds
Number of updated asset objects reloaded before import = 0
Number of asset objects unloaded after import = 11
========================================================================
Received Import Request.
  Time since last request: 0.000031 seconds.
  path: Assets/Assets/obj/rocks.obj
  artifactKey: Guid(b6cd0ea1417f141ceb3692aee832bb23) Importer(815301076,1909f56bfc062723c751e8b465ee728b)
Start importing Assets/Assets/obj/rocks.obj using Guid(b6cd0ea1417f141ceb3692aee832bb23) Importer(815301076,1909f56bfc062723c751e8b465ee728b)  -> (artifact id: 'df6184b1fa3d41e03a8e778fed27789e') in 0.008625 seconds
Number of updated asset objects reloaded before import = 0
Number of asset objects unloaded after import = 11
========================================================================
Received Import Request.
  Time since last request: 0.000035 seconds.
  path: Assets/Assets/obj/bottle_C_green.obj
  artifactKey: Guid(2f4822b0c27e848abad1e7c07cf64350) Importer(815301076,1909f56bfc062723c751e8b465ee728b)
Start importing Assets/Assets/obj/bottle_C_green.obj using Guid(2f4822b0c27e848abad1e7c07cf64350) Importer(815301076,1909f56bfc062723c751e8b465ee728b)  -> (artifact id: '0b4fa20bd4d30bcfffa942c4f1e477eb') in 0.009545 seconds
Number of updated asset objects reloaded before import = 0
Number of asset objects unloaded after import = 11
========================================================================
Received Import Request.
  Time since last request: 0.000053 seconds.
  path: Assets/Assets/obj/bookcase_single_decoratedB.obj
  artifactKey: Guid(c206fc1c12c5d4a16a56cbc96135ed37) Importer(815301076,1909f56bfc062723c751e8b465ee728b)
Start importing Assets/Assets/obj/bookcase_single_decoratedB.obj using Guid(c206fc1c12c5d4a16a56cbc96135ed37) Importer(815301076,1909f56bfc062723c751e8b465ee728b)  -> (artifact id: '0a894816b38ac1e8cf9a10eb828c843f') in 0.009805 seconds
Number of updated asset objects reloaded before import = 0
Number of asset objects unloaded after import = 11
========================================================================
Received Import Request.
  Time since last request: 0.000053 seconds.
  path: Assets/Assets/obj/pickaxe_gold.obj
  artifactKey: Guid(17b6ba74924b44cf282319376538cc8b) Importer(815301076,1909f56bfc062723c751e8b465ee728b)
Start importing Assets/Assets/obj/pickaxe_gold.obj using Guid(17b6ba74924b44cf282319376538cc8b) Importer(815301076,1909f56bfc062723c751e8b465ee728b)  -> (artifact id: 'fda85103af71b4e708724210bdf742b8') in 0.008331 seconds
Number of updated asset objects reloaded before import = 0
Number of asset objects unloaded after import = 11
========================================================================
Received Import Request.
  Time since last request: 0.000035 seconds.
  path: Assets/Assets/obj/banner_triple_yellow.obj
  artifactKey: Guid(9d5cfc75444d348a58f5fb491cb5cca3) Importer(815301076,1909f56bfc062723c751e8b465ee728b)
Start importing Assets/Assets/obj/banner_triple_yellow.obj using Guid(9d5cfc75444d348a58f5fb491cb5cca3) Importer(815301076,1909f56bfc062723c751e8b465ee728b)  -> (artifact id: '884b828ddb0480f002f1f5fdc3f308f2') in 0.008379 seconds
Number of updated asset objects reloaded before import = 0
Number of asset objects unloaded after import = 11
========================================================================
Received Import Request.
  Time since last request: 0.000073 seconds.
  path: Assets/Assets/obj/banner_thin_green.obj
  artifactKey: Guid(4ee85cb3da29341849d82c5675037941) Importer(815301076,1909f56bfc062723c751e8b465ee728b)
Start importing Assets/Assets/obj/banner_thin_green.obj using Guid(4ee85cb3da29341849d82c5675037941) Importer(815301076,1909f56bfc062723c751e8b465ee728b)  -> (artifact id: '98ac95140fee413442d1074543c8b833') in 0.009005 seconds
Number of updated asset objects reloaded before import = 0
Number of asset objects unloaded after import = 11
========================================================================
Received Import Request.
  Time since last request: 0.699783 seconds.
  path: Assets/Assets/obj/scaffold_frame_large.obj
  artifactKey: Guid(67f20eef331824006a46b312710fc463) Importer(815301076,1909f56bfc062723c751e8b465ee728b)
Start importing Assets/Assets/obj/scaffold_frame_large.obj using Guid(67f20eef331824006a46b312710fc463) Importer(815301076,1909f56bfc062723c751e8b465ee728b)  -> (artifact id: '865c45cbbfcf3ac318b19359620750a0') in 0.018821 seconds
Number of updated asset objects reloaded before import = 0
Number of asset objects unloaded after import = 11
========================================================================
Received Import Request.
  Time since last request: 0.009622 seconds.
  path: Assets/Assets/obj/scaffold_pillar_wall.obj
  artifactKey: Guid(fe6505e674cfd4449aefca709a8f2d56) Importer(815301076,1909f56bfc062723c751e8b465ee728b)
Start importing Assets/Assets/obj/scaffold_pillar_wall.obj using Guid(fe6505e674cfd4449aefca709a8f2d56) Importer(815301076,1909f56bfc062723c751e8b465ee728b)  -> (artifact id: '8d97749d05de96b744dd7ca3d012f93d') in 0.011571 seconds
Number of updated asset objects reloaded before import = 0
Number of asset objects unloaded after import = 11
========================================================================
Received Import Request.
  Time since last request: 0.015247 seconds.
  path: Assets/Assets/obj/scaffold_pillars_connected.obj
  artifactKey: Guid(3b6575e67d6a147fb98620f299de8292) Importer(815301076,1909f56bfc062723c751e8b465ee728b)
Start importing Assets/Assets/obj/scaffold_pillars_connected.obj using Guid(3b6575e67d6a147fb98620f299de8292) Importer(815301076,1909f56bfc062723c751e8b465ee728b)  -> (artifact id: '4556a1c57c19412a9aa5a517351d5a36') in 0.010018 seconds
Number of updated asset objects reloaded before import = 0
Number of asset objects unloaded after import = 11
========================================================================
Received Import Request.
  Time since last request: 0.155192 seconds.
  path: Assets/Assets/obj/shelf_small_books.obj
  artifactKey: Guid(1de75ad513a0b4c48a1b932615d02c39) Importer(815301076,1909f56bfc062723c751e8b465ee728b)
Start importing Assets/Assets/obj/shelf_small_books.obj using Guid(1de75ad513a0b4c48a1b932615d02c39) Importer(815301076,1909f56bfc062723c751e8b465ee728b)  -> (artifact id: '54e73c822db06f7082e1cab11b8cf09b') in 0.011527 seconds
Number of updated asset objects reloaded before import = 0
Number of asset objects unloaded after import = 11
========================================================================
Received Import Request.
  Time since last request: 0.022584 seconds.
  path: Assets/Assets/obj/spikes.obj
  artifactKey: Guid(2a9b9f679e24140c49192d900fdffc47) Importer(815301076,1909f56bfc062723c751e8b465ee728b)
Start importing Assets/Assets/obj/spikes.obj using Guid(2a9b9f679e24140c49192d900fdffc47) Importer(815301076,1909f56bfc062723c751e8b465ee728b)  -> (artifact id: '9d996bd5908e395f838c43713da0839d') in 0.009384 seconds
Number of updated asset objects reloaded before import = 0
Number of asset objects unloaded after import = 11
Editor requested this worker to shutdown with reason: Scaling down because of idle timeout
TcpMessagingSession - receive error: operation aborted. errorcode: 89, details: Operation aborted.
AssetImportWorker is now disconnected from the server
Process exiting
